{"numTotalTestSuites":2,"numPassedTestSuites":2,"numFailedTestSuites":0,"numPendingTestSuites":0,"numTotalTests":10,"numPassedTests":10,"numFailedTests":0,"numPendingTests":0,"numTodoTests":0,"snapshot":{"added":0,"failure":false,"filesAdded":0,"filesRemoved":0,"filesRemovedList":[],"filesUnmatched":0,"filesUpdated":0,"matched":0,"total":0,"unchecked":0,"uncheckedKeysByFile":[],"unmatched":0,"updated":0,"didUpdate":false},"startTime":1789554784252,"success":true,"testResults":[{"assertionResults":[{"ancestorTitles":["API endpoints"],"fullName":"API endpoints registers a user","status":"passed","title":"registers a user","duration":92.4715000000001,"failureMessages":[],"meta":{}},{"ancestorTitles":["API endpoints"],"fullName":"API endpoints blocks unauthenticated task access","status":"passed","title":"blocks unauthenticated task access","duration":6.910800000000108,"failureMessages":[],"meta":{}},{"ancestorTitles":["API endpoints"],"fullName":"API endpoints logs in a user","status":"passed","title":"logs in a user","duration":90.35209999999984,"failureMessages":[],"meta":{}},{"ancestorTitles":["API endpoints"],"fullName":"API endpoints returns current user for protected route","status":"passed","title":"returns current user for protected route","duration":9.64200000000028,"failureMessages":[],"meta":{}},{"ancestorTitles":["API endpoints"],"fullName":"API endpoints creates a task","status":"passed","title":"creates a task","duration":57.92560000000003,"failureMessages":[],"meta":{}},{"ancestorTitles":["API endpoints"],"fullName":"API endpoints gets tasks for user","status":"passed","title":"gets tasks for user","duration":13.091800000000148,"failureMessages":[],"meta":{}},{"ancestorTitles":["API endpoints"],"fullName":"API endpoints updates a task","status":"passed","title":"updates a task","duration":10.691800000000057,"failureMessages":[],"meta":{}},{"ancestorTitles":["API endpoints"],"fullName":"API endpoints toggles task completion","status":"passed","title":"toggles task completion","duration":11.735099999999875,"failureMessages":[],"meta":{}},{"ancestorTitles":["API endpoints"],"fullName":"API endpoints deletes a task","status":"passed","title":"deletes a task","duration":10.884999999999764,"failureMessages":[],"meta":{}},{"ancestorTitles":["API endpoints"],"fullName":"API endpoints rejects unauthorized access for another user task","status":"passed","title":"rejects unauthorized access for another user task","duration":15.745499999999993,"failureMessages":[],"meta":{}}],"startTime":1789554786179,"endTime":1789554786498.7456,"status":"passed","message":"","name":"C:/Users/jajoo/Downloads/full-stack todo/backend/src/tests/api.test.ts"}]}